<?xml version="1.0" encoding="UTF-8"?>
<testng-results skipped="0" failed="0" total="1" passed="1">
  <reporter-output>
  </reporter-output>
  <suite name="Default suite" duration-ms="79" started-at="2021-11-11T06:53:37Z" finished-at="2021-11-11T06:53:37Z">
    <groups>
    </groups>
    <test name="Default test" duration-ms="79" started-at="2021-11-11T06:53:37Z" finished-at="2021-11-11T06:53:37Z">
      <class name="gitHub_practice.Githubproject1">
        <test-method status="PASS" signature="gitCommit()[pri:0, instance:gitHub_practice.Githubproject1@1593948d]" name="gitCommit" duration-ms="30" started-at="2021-11-11T12:23:37Z" finished-at="2021-11-11T12:23:37Z">
          <reporter-output>
          </reporter-output>
        </test-method> <!-- gitCommit -->
      </class> <!-- gitHub_practice.Githubproject1 -->
    </test> <!-- Default test -->
  </suite> <!-- Default suite -->
</testng-results>
